<?xml version="1.0" encoding="utf-8"?>
<coverage line-rate="0.5263" branch-rate="0.375" version="1.9" timestamp="1790024576" lines-covered="10" lines-valid="19" branches-covered="3" branches-valid="8">
  <sources>
    <source>/</source>
  </sources>
  <packages>
    <package name="Napkin.Probe.Branchy" line-rate="0.5263" branch-rate="0.375" complexity="9">
      <classes>
        <class name="Napkin.Probe.Branchy.Branchy" filename="fixture/Branchy.cs" line-rate="0.5263" branch-rate="0.375" complexity="9">
          <methods>
            <method name="Classify" signature="(System.Int32)" line-rate="0.75" branch-rate="0.5" complexity="6">
              <lines>
                <line number="6" hits="2" branch="False" />
                <line number="7" hits="2" branch="True" condition-coverage="100% (2/2)">
                  <conditions>
                    <condition number="7" type="jump" coverage="100%" />
                  </conditions>
                </line>
                <line number="8" hits="1" branch="False" />
                <line number="9" hits="1" branch="False" />
                <line number="12" hits="1" branch="True" condition-coverage="25% (1/4)">
                  <conditions>
                    <condition number="19" type="switch" coverage="25%" />
                  </conditions>
                </line>
                <line number="13" hits="1" branch="False" />
                <line number="14" hits="0" branch="False" />
                <line number="15" hits="1" branch="False" />
                <line number="16" hits="0" branch="False" />
                <line number="17" hits="0" branch="False" />
                <line number="18" hits="1" branch="False" />
                <line number="19" hits="2" branch="False" />
              </lines>
            </method>
            <method name="Both" signature="(System.Boolean,System.Boolean)" line-rate="1" branch-rate="1" complexity="1">
              <lines>
                <line number="21" hits="1" branch="False" />
              </lines>
            </method>
            <method name="Never" signature="(System.Int32)" line-rate="0" branch-rate="0" complexity="2">
              <lines>
                <line number="24" hits="0" branch="False" />
                <line number="25" hits="0" branch="True" condition-coverage="0% (0/2)">
                  <conditions>
                    <condition number="11" type="jump" coverage="0%" />
                  </conditions>
                </line>
                <line number="26" hits="0" branch="False" />
                <line number="27" hits="0" branch="False" />
                <line number="30" hits="0" branch="False" />
                <line number="31" hits="0" branch="False" />
              </lines>
            </method>
          </methods>
          <lines>
            <line number="6" hits="2" branch="False" />
            <line number="7" hits="2" branch="True" condition-coverage="100% (2/2)">
              <conditions>
                <condition number="7" type="jump" coverage="100%" />
              </conditions>
            </line>
            <line number="8" hits="1" branch="False" />
            <line number="9" hits="1" branch="False" />
            <line number="12" hits="1" branch="True" condition-coverage="25% (1/4)">
              <conditions>
                <condition number="19" type="switch" coverage="25%" />
              </conditions>
            </line>
            <line number="13" hits="1" branch="False" />
            <line number="14" hits="0" branch="False" />
            <line number="15" hits="1" branch="False" />
            <line number="16" hits="0" branch="False" />
            <line number="17" hits="0" branch="False" />
            <line number="18" hits="1" branch="False" />
            <line number="19" hits="2" branch="False" />
            <line number="21" hits="1" branch="False" />
            <line number="24" hits="0" branch="False" />
            <line number="25" hits="0" branch="True" condition-coverage="0% (0/2)">
              <conditions>
                <condition number="11" type="jump" coverage="0%" />
              </conditions>
            </line>
            <line number="26" hits="0" branch="False" />
            <line number="27" hits="0" branch="False" />
            <line number="30" hits="0" branch="False" />
            <line number="31" hits="0" branch="False" />
          </lines>
        </class>
      </classes>
    </package>
  </packages>
</coverage>