<?xml version="1.0" encoding="utf-8"?>
<TestRun id="b64c4229-0a29-4ad3-9c43-bc36ba090aba" name="@Marcs-MacBook-Air 2026-09-21 17:02:56" xmlns="http://microsoft.com/schemas/VisualStudio/TeamTest/2010">
  <Times creation="2026-09-21T17:02:56.7957680-04:00" queuing="2026-09-21T17:02:56.7957680-04:00" start="2026-09-21T17:02:56.3619640-04:00" finish="2026-09-21T17:02:56.7979460-04:00" />
  <TestSettings name="default" id="4a260c6b-decf-4076-a09e-480e52f0dc83">
    <Deployment runDeploymentRoot="_Marcs-MacBook-Air_2026-09-21_17_02_56" />
  </TestSettings>
  <Results>
    <UnitTestResult executionId="f3046c38-aa5e-410a-b42c-26f203dbd953" testId="6ed7fb08-641e-51e1-88cc-ad8e5fea50fb" testName="TraitProbe.Probe.TheoryCase(i: 2)" computerName="fixture" duration="00:00:00.0005825" startTime="2026-09-21T17:02:56.6995690-04:00" endTime="2026-09-21T17:02:56.6995690-04:00" testType="13cdc9d9-ddb5-4fa4-a97d-d965ccfc6d4b" outcome="Passed" testListId="8c84fa94-04c1-424b-9868-57a2d4851a1d" relativeResultsDirectory="f3046c38-aa5e-410a-b42c-26f203dbd953" />
    <UnitTestResult executionId="7eb81461-8526-414a-88d7-cfcd5f0951f8" testId="58dab3c9-6dee-820a-c1d5-e9b871992027" testName="TraitProbe.Probe.TheoryCase(i: 1)" computerName="fixture" duration="00:00:00.0000465" startTime="2026-09-21T17:02:56.6999250-04:00" endTime="2026-09-21T17:02:56.6999250-04:00" testType="13cdc9d9-ddb5-4fa4-a97d-d965ccfc6d4b" outcome="Passed" testListId="8c84fa94-04c1-424b-9868-57a2d4851a1d" relativeResultsDirectory="7eb81461-8526-414a-88d7-cfcd5f0951f8" />
    <UnitTestResult executionId="4fa257d5-3151-41ca-b4db-50b8d17eab31" testId="e486ca06-4d4e-efc1-1159-e3c2e78a4a39" testName="TraitProbe.Probe.Passes" computerName="fixture" duration="00:00:00.0010803" startTime="2026-09-21T17:02:56.7004360-04:00" endTime="2026-09-21T17:02:56.7004360-04:00" testType="13cdc9d9-ddb5-4fa4-a97d-d965ccfc6d4b" outcome="Passed" testListId="8c84fa94-04c1-424b-9868-57a2d4851a1d" relativeResultsDirectory="4fa257d5-3151-41ca-b4db-50b8d17eab31" />
    <UnitTestResult executionId="253f81d8-949d-468d-b228-2797a36dae8c" testId="76e5f5e1-6ed0-dbef-d413-c5f2b3f21e5d" testName="TraitProbe.Probe+Nested.Inner" computerName="fixture" duration="00:00:00.0005754" startTime="2026-09-21T17:02:56.6977310-04:00" endTime="2026-09-21T17:02:56.6977360-04:00" testType="13cdc9d9-ddb5-4fa4-a97d-d965ccfc6d4b" outcome="Passed" testListId="8c84fa94-04c1-424b-9868-57a2d4851a1d" relativeResultsDirectory="253f81d8-949d-468d-b228-2797a36dae8c" />
    <UnitTestResult executionId="aa4240a5-2cd0-4300-acbe-1ebd84724dd6" testId="81a93859-46e9-3267-9df5-934886d814bb" testName="TraitProbe.Probe.Skipped" computerName="fixture" duration="00:00:00.0010000" startTime="2026-09-21T17:02:56.7002830-04:00" endTime="2026-09-21T17:02:56.7002830-04:00" testType="13cdc9d9-ddb5-4fa4-a97d-d965ccfc6d4b" outcome="NotExecuted" testListId="8c84fa94-04c1-424b-9868-57a2d4851a1d" relativeResultsDirectory="aa4240a5-2cd0-4300-acbe-1ebd84724dd6">
      <Output>
        <ErrorInfo>
          <Message>planned: GEO-PT-001 - points</Message>
        </ErrorInfo>
      </Output>
    </UnitTestResult>
  </Results>
  <TestDefinitions>
    <UnitTest name="TraitProbe.Probe.Passes" storage="/fixture/TraitProbe.dll" id="e486ca06-4d4e-efc1-1159-e3c2e78a4a39">
      <Execution id="4fa257d5-3151-41ca-b4db-50b8d17eab31" />
      <TestMethod codeBase="/fixture/TraitProbe.dll" adapterTypeName="executor://xunit/VsTestRunner2/netcoreapp" className="TraitProbe.Probe" name="Passes" />
    </UnitTest>
    <UnitTest name="TraitProbe.Probe.TheoryCase(i: 2)" storage="/fixture/TraitProbe.dll" id="6ed7fb08-641e-51e1-88cc-ad8e5fea50fb">
      <Execution id="f3046c38-aa5e-410a-b42c-26f203dbd953" />
      <TestMethod codeBase="/fixture/TraitProbe.dll" adapterTypeName="executor://xunit/VsTestRunner2/netcoreapp" className="TraitProbe.Probe" name="TheoryCase" />
    </UnitTest>
    <UnitTest name="TraitProbe.Probe+Nested.Inner" storage="/fixture/TraitProbe.dll" id="76e5f5e1-6ed0-dbef-d413-c5f2b3f21e5d">
      <Execution id="253f81d8-949d-468d-b228-2797a36dae8c" />
      <TestMethod codeBase="/fixture/TraitProbe.dll" adapterTypeName="executor://xunit/VsTestRunner2/netcoreapp" className="TraitProbe.Probe+Nested" name="Inner" />
    </UnitTest>
    <UnitTest name="TraitProbe.Probe.Skipped" storage="/fixture/TraitProbe.dll" id="81a93859-46e9-3267-9df5-934886d814bb">
      <Execution id="aa4240a5-2cd0-4300-acbe-1ebd84724dd6" />
      <TestMethod codeBase="/fixture/TraitProbe.dll" adapterTypeName="executor://xunit/VsTestRunner2/netcoreapp" className="TraitProbe.Probe" name="Skipped" />
    </UnitTest>
    <UnitTest name="TraitProbe.Probe.TheoryCase(i: 1)" storage="/fixture/TraitProbe.dll" id="58dab3c9-6dee-820a-c1d5-e9b871992027">
      <Execution id="7eb81461-8526-414a-88d7-cfcd5f0951f8" />
      <TestMethod codeBase="/fixture/TraitProbe.dll" adapterTypeName="executor://xunit/VsTestRunner2/netcoreapp" className="TraitProbe.Probe" name="TheoryCase" />
    </UnitTest>
  </TestDefinitions>
  <TestEntries>
    <TestEntry testId="6ed7fb08-641e-51e1-88cc-ad8e5fea50fb" executionId="f3046c38-aa5e-410a-b42c-26f203dbd953" testListId="8c84fa94-04c1-424b-9868-57a2d4851a1d" />
    <TestEntry testId="58dab3c9-6dee-820a-c1d5-e9b871992027" executionId="7eb81461-8526-414a-88d7-cfcd5f0951f8" testListId="8c84fa94-04c1-424b-9868-57a2d4851a1d" />
    <TestEntry testId="e486ca06-4d4e-efc1-1159-e3c2e78a4a39" executionId="4fa257d5-3151-41ca-b4db-50b8d17eab31" testListId="8c84fa94-04c1-424b-9868-57a2d4851a1d" />
    <TestEntry testId="76e5f5e1-6ed0-dbef-d413-c5f2b3f21e5d" executionId="253f81d8-949d-468d-b228-2797a36dae8c" testListId="8c84fa94-04c1-424b-9868-57a2d4851a1d" />
    <TestEntry testId="81a93859-46e9-3267-9df5-934886d814bb" executionId="aa4240a5-2cd0-4300-acbe-1ebd84724dd6" testListId="8c84fa94-04c1-424b-9868-57a2d4851a1d" />
  </TestEntries>
  <TestLists>
    <TestList name="Results Not in a List" id="8c84fa94-04c1-424b-9868-57a2d4851a1d" />
    <TestList name="All Loaded Results" id="19431567-8539-422a-85d7-44ee4e166bda" />
  </TestLists>
  <ResultSummary outcome="Completed">
    <Counters total="5" executed="4" passed="4" failed="0" error="0" timeout="0" aborted="0" inconclusive="0" passedButRunAborted="0" notRunnable="0" notExecuted="0" disconnected="0" warning="0" completed="0" inProgress="0" pending="0" />
    <Output>
      <StdOut>[xUnit.net 00:00:00.00] xUnit.net VSTest Adapter v2.5.3.1+6b60a9e56a (64-bit .NET 10.0.12)
[xUnit.net 00:00:00.01]   Discovering: TraitProbe
[xUnit.net 00:00:00.03]   Discovered:  TraitProbe
[xUnit.net 00:00:00.03]   Starting:    TraitProbe
[xUnit.net 00:00:00.05]       planned: GEO-PT-001 - points
[xUnit.net 00:00:00.05]   Finished:    TraitProbe
Test 'TraitProbe.Probe.Skipped' was skipped in the test run.
</StdOut>
    </Output>
    <RunInfos>
      <RunInfo computerName="fixture" outcome="Warning" timestamp="2026-09-21T17:02:56.7002990-04:00">
        <Text>[xUnit.net 00:00:00.05]     TraitProbe.Probe.Skipped [SKIP]</Text>
      </RunInfo>
    </RunInfos>
    <CollectorDataEntries>
      <Collector agentName="Marcs-MacBook-Air" uri="datacollector://microsoft/CoverletCodeCoverage/1.0" collectorDisplayName="XPlat code coverage">
        <UriAttachments>
          <UriAttachment>
            <A href="Marcs-MacBook-Air/coverage.cobertura.xml"></A>
          </UriAttachment>
        </UriAttachments>
      </Collector>
    </CollectorDataEntries>
  </ResultSummary>
</TestRun>