<?xml version="1.0" encoding="utf-8"?>
<TestRun id="08d07580-0c7f-4bb1-a8c8-cdfcd59502e6" name="@Marcs-MacBook-Air 2026-09-21 17:29:43" xmlns="http://microsoft.com/schemas/VisualStudio/TeamTest/2010">
  <Times creation="2026-09-21T17:29:43.1311650-04:00" queuing="2026-09-21T17:29:43.1311650-04:00" start="2026-09-21T17:29:42.3536610-04:00" finish="2026-09-21T17:29:43.1326880-04:00" />
  <TestSettings name="default" id="2a938aa6-e8a8-4f8f-87a9-da42f762d4b1">
    <Deployment runDeploymentRoot="_Marcs-MacBook-Air_2026-09-21_17_29_43" />
  </TestSettings>
  <Results>
    <UnitTestResult executionId="5cc01876-617f-41a7-bf05-a2a7df783111" testId="d7f65d17-8fe5-33f4-ea10-d70bb205b2c8" testName="V3Probe.ShellWorkflows+Nested.Inner" computerName="fixture" duration="00:00:00.0089182" startTime="2026-09-21T17:29:43.0719610-04:00" endTime="2026-09-21T17:29:43.0836020-04:00" testType="13cdc9d9-ddb5-4fa4-a97d-d965ccfc6d4b" outcome="Passed" testListId="8c84fa94-04c1-424b-9868-57a2d4851a1d" relativeResultsDirectory="5cc01876-617f-41a7-bf05-a2a7df783111" />
    <UnitTestResult executionId="b3de6a19-32a7-4361-b325-2b15081c5b0e" testId="3de54b51-be08-5eb6-edd5-3bad49362dfd" testName="V3Probe.ShellWorkflows.Shell_opens_and_renders" computerName="fixture" duration="00:00:00.0089259" startTime="2026-09-21T17:29:43.0719650-04:00" endTime="2026-09-21T17:29:43.0836060-04:00" testType="13cdc9d9-ddb5-4fa4-a97d-d965ccfc6d4b" outcome="Passed" testListId="8c84fa94-04c1-424b-9868-57a2d4851a1d" relativeResultsDirectory="b3de6a19-32a7-4361-b325-2b15081c5b0e" />
    <UnitTestResult executionId="b70061dc-2344-418d-8762-752ceb206a7f" testId="a284c74d-81ee-fd1e-bf31-813362973464" testName="V3Probe.ShellWorkflows.PlainTraitOnV3" computerName="fixture" duration="00:00:00.0000640" startTime="2026-09-21T17:29:43.0855010-04:00" endTime="2026-09-21T17:29:43.0855850-04:00" testType="13cdc9d9-ddb5-4fa4-a97d-d965ccfc6d4b" outcome="Passed" testListId="8c84fa94-04c1-424b-9868-57a2d4851a1d" relativeResultsDirectory="b70061dc-2344-418d-8762-752ceb206a7f" />
  </Results>
  <TestDefinitions>
    <UnitTest name="V3Probe.ShellWorkflows+Nested.Inner" storage="/fixture/V3Probe.dll" id="d7f65d17-8fe5-33f4-ea10-d70bb205b2c8">
      <Execution id="5cc01876-617f-41a7-bf05-a2a7df783111" />
      <TestMethod codeBase="/fixture/V3Probe.dll" adapterTypeName="executor://xunit/VsTestRunner3/netcore/" className="V3Probe.ShellWorkflows+Nested" name="Inner" />
    </UnitTest>
    <UnitTest name="V3Probe.ShellWorkflows.Shell_opens_and_renders" storage="/fixture/V3Probe.dll" id="3de54b51-be08-5eb6-edd5-3bad49362dfd">
      <Execution id="b3de6a19-32a7-4361-b325-2b15081c5b0e" />
      <TestMethod codeBase="/fixture/V3Probe.dll" adapterTypeName="executor://xunit/VsTestRunner3/netcore/" className="V3Probe.ShellWorkflows" name="Shell_opens_and_renders" />
    </UnitTest>
    <UnitTest name="V3Probe.ShellWorkflows.PlainTraitOnV3" storage="/fixture/V3Probe.dll" id="a284c74d-81ee-fd1e-bf31-813362973464">
      <Execution id="b70061dc-2344-418d-8762-752ceb206a7f" />
      <TestMethod codeBase="/fixture/V3Probe.dll" adapterTypeName="executor://xunit/VsTestRunner3/netcore/" className="V3Probe.ShellWorkflows" name="PlainTraitOnV3" />
    </UnitTest>
  </TestDefinitions>
  <TestEntries>
    <TestEntry testId="d7f65d17-8fe5-33f4-ea10-d70bb205b2c8" executionId="5cc01876-617f-41a7-bf05-a2a7df783111" testListId="8c84fa94-04c1-424b-9868-57a2d4851a1d" />
    <TestEntry testId="3de54b51-be08-5eb6-edd5-3bad49362dfd" executionId="b3de6a19-32a7-4361-b325-2b15081c5b0e" testListId="8c84fa94-04c1-424b-9868-57a2d4851a1d" />
    <TestEntry testId="a284c74d-81ee-fd1e-bf31-813362973464" executionId="b70061dc-2344-418d-8762-752ceb206a7f" testListId="8c84fa94-04c1-424b-9868-57a2d4851a1d" />
  </TestEntries>
  <TestLists>
    <TestList name="Results Not in a List" id="8c84fa94-04c1-424b-9868-57a2d4851a1d" />
    <TestList name="All Loaded Results" id="19431567-8539-422a-85d7-44ee4e166bda" />
  </TestLists>
  <ResultSummary outcome="Completed">
    <Counters total="3" executed="3" passed="3" failed="0" error="0" timeout="0" aborted="0" inconclusive="0" passedButRunAborted="0" notRunnable="0" notExecuted="0" disconnected="0" warning="0" completed="0" inProgress="0" pending="0" />
    <Output>
      <StdOut>[xUnit.net 00:00:00.00] xUnit.net VSTest Adapter v3.1.5+1b188a7b0a (64-bit .NET 10.0.12)
[xUnit.net 00:00:00.37]   Discovering: V3Probe
[xUnit.net 00:00:00.46]   Discovered:  V3Probe
[xUnit.net 00:00:00.54]   Starting:    V3Probe
[xUnit.net 00:00:00.58]   Finished:    V3Probe (ID = 'cb68b28e109412c81e4aeac8bf3e4f36b68a4a44838cc76c11515afc4a22a114')
</StdOut>
    </Output>
  </ResultSummary>
</TestRun>